2026-01-09 16:55:34 [INFO] Logging initialized. Log file: logs/rlm_run_20260109_165534.log
2026-01-09 16:55:34 [INFO] --- Starting Baseline RLM ---
2026-01-09 16:55:34 [INFO] Query: 이 데이터셋에서 '조선'이라는 단어가 포함된 문서는 몇 개인지 세어주고, 그 중 가장 긴 문서의 제목을 알려줘.
2026-01-09 16:55:34 [INFO] Context Length: 100000 chars
2026-01-09 16:55:34 [INFO] 
=== Step 1/10 ===
2026-01-09 16:55:37 [INFO] [RLM Thought]:
I will start by inspecting the beginning of the context to understand its format.

```python
print(context[:500])
```
2026-01-09 16:55:37 [INFO] [Executing Code]:
print(context[:500])
2026-01-09 16:55:37 [INFO] [Execution Output]:
질문: 북태평양 기단과 오호츠크해 기단이 만나 국내에 머무르는 기간은?

본문:
올여름 장마가 17일 제주도에서 시작됐다. 서울 등 중부지방은 예년보다 사나흘 정도 늦은 이달 말께 장마가 시작될 전망이다.17일 기상청에 따르면 제주도 남쪽 먼바다에 있는 장마전선의 영향으로 이날 제주도 산간 및 내륙지역에 호우주의보가 내려지면서 곳곳에 100㎜에 육박하는 많은 비가 내렸다. 제주의 장마는 평년보다 2~3일, 지난해보다는 하루 일찍 시작됐다. 장마는 고온다습한 북태평양 기단과 한랭 습윤한 오호츠크해 기단이 만나 형성되는 장마전선에서 내리는 비를 뜻한다.장마전선은 18일 제주도 먼 남쪽 해상으로 내려갔다가 20일께 다시 북상해 전남 남해안까지 영향을 줄 것으로 보인다. 이에 따라 20~21일 남부지방에도 예년보다 사흘 정도 장마가 일찍 찾아올 전망이다. 그러나 장마전선을 밀어올리는 북태평양 고기압 세력이 약해 서울 등 중부지방은 평년보다 사나흘가량 늦은 이달 말부터 장마가 시작될 것이라는

2026-01-09 16:55:37 [INFO] 
=== Step 2/10 ===
2026-01-09 16:55:44 [INFO] [RLM Thought]:
I will search for the keyword "제목:" and distinct separators to understand the document structure.

```python
# Check for "제목:" to see if titles are explicitly labeled
print(f"'제목:' count: {context.count('제목:')}")

# Check for "질문:" to estimate number of documents
print(f"'질문:' count: {context.count('질문:')}")

# Print a section that might contain the end of one document and start of another
start_index = context.find('질문:', 100) # Find the second occurrence
if start_index != -1:
    print(context[start_index-100:start_index+100])
else:
    print("Only one '질문:' found.")
```
2026-01-09 16:55:44 [INFO] [Executing Code]:
# Check for "제목:" to see if titles are explicitly labeled
print(f"'제목:' count: {context.count('제목:')}")

# Check for "질문:" to estimate number of documents
print(f"'질문:' count: {context.count('질문:')}")

# Print a section that might contain the end of one document and start of another
start_index = context.find('질문:', 100) # Find the second occurrence
if start_index != -1:
    print(context[start_index-100:start_index+100])
else:
    print("Only one '질문:' found.")
2026-01-09 16:55:44 [INFO] [Execution Output]:
'제목:' count: 0
'질문:' count: 99
이 많이 끼지만 비는 오지 않을 것으로 예상돼 거리 응원에는 지장이 없을 전망이다.

==================================================

질문: 성공적인 성과를 보인 지역SW서비스사업화 지원사업의 주최자는?

본문:
부산시와 (재)부산정보산업진흥원(원장 이인숙)이 ‘2020~2021년 지역SW서비스사업화 지원사업’ 

2026-01-09 16:55:44 [INFO] 
=== Step 3/10 ===
