2026-01-09 16:55:11 [INFO] Logging initialized. Log file: logs/rlm_run_20260109_165511.log
2026-01-09 16:55:11 [INFO] --- Starting Baseline RLM ---
2026-01-09 16:55:11 [INFO] Query: 이 데이터셋에서 가장 많이 등장하는 긍정적인 단어 3개를 찾아줘.
2026-01-09 16:55:11 [INFO] Context Length: 100000 chars
2026-01-09 16:55:11 [INFO] 
=== Step 1/10 ===
2026-01-09 16:55:16 [INFO] [RLM Thought]:
I will start by examining the beginning and end of the context to understand its structure and content.

```python
print(f"Context length: {len(context)}")
print("First 500 chars:")
print(context[:500])
print("\nLast 500 chars:")
print(context[-500:])
```
2026-01-09 16:55:16 [INFO] [Executing Code]:
print(f"Context length: {len(context)}")
print("First 500 chars:")
print(context[:500])
print("\nLast 500 chars:")
print(context[-500:])
2026-01-09 16:55:16 [INFO] [Execution Output]:
Context length: 100000
First 500 chars:
id	document	label
9976970	아 더빙.. 진짜 짜증나네요 목소리	0
3819312	흠...포스터보고 초딩영화줄....오버연기조차 가볍지 않구나	1
10265843	너무재밓었다그래서보는것을추천한다	0
9045019	교도소 이야기구먼 ..솔직히 재미는 없다..평점 조정	0
6483659	사이몬페그의 익살스런 연기가 돋보였던 영화!스파이더맨에서 늙어보이기만 했던 커스틴 던스트가 너무나도 이뻐보였다	1
5403919	막 걸음마 뗀 3세부터 초등학교 1학년생인 8살용영화.ㅋㅋㅋ...별반개도 아까움.	0
7797314	원작의 긴장감을 제대로 살려내지못했다.	0
9443947	별 반개도 아깝다 욕나온다 이응경 길용우 연기생활이몇년인지..정말 발로해도 그것보단 낫겟다 납치.감금만반복반복..이드라마는 가족도없다 연기못하는사람만모엿네	0
7156791	액션이 없는데도 재미 있는 몇안되는 영화	1
5912145	왜케 평점이 낮은건데? 꽤 볼만한데.. 헐리우드식 화려함에만 너무 길들여져

Last 500 chars:
..예술영화이더구나....	1
5846588	괜츈타. 내가 외국에 가면 나도 이방인이다.	1
7974428	아니 왜왜왜 증거도 있는데 미궁사건이여 참 이해 못하겄내 ㅅㅂ 이러면 안되는데 사고내서 모른다구 하문 미제사건 되는거여ㅈ정말 골때리네 경찰 느그들 머하는거여 진짜 중거 있는게 잡아 쳐 넣어야 되는거 아니냐구 골따리네	1
7448670	난 재미있는데 ㅋ?	1
7061129	초반은 좀 지리한데 중반부터 재미터진다. 역시 군인이라 주인공들 화끈하다. 평점 6점대는 나올 만한 재미던데 넘 낮은 거 같아서 10점 줌.	1
206808	백성현+최불암+차인표+전광렬씨 땜에 4점..안그러면0점.-_-	0
1594085	B급영화 전용배우 장끌로드반담의 킬링타임용 영화~	0
5114222	실망... 미화시키는 건 그만..	0
7552240	재미도 감동도 있습니다.	1
4766678	좋다	1
9816539	결국 엄마가 죽인거네?	0
9432106	잼있겠다 ㅜ ㅜ ㅋ 같이볼사람 손손	1
172605

2026-01-09 16:55:16 [INFO] 
=== Step 2/10 ===
